This is pdfTeX, Version 3.1415926-2.5-1.40.14 (MiKTeX 2.9) (preloaded format=pdflatex 2014.2.26)  24 JUN 2016 21:35
entering extended mode
**REPORT.tex
(E:\Repos\DM848microservice\REPORT\REPORT.tex
LaTeX2e <2011/06/27>
Babel <v3.8m> and hyphenation patterns for english, afrikaans, ancientgreek, ar
abic, armenian, assamese, basque, bengali, bokmal, bulgarian, catalan, coptic, 
croatian, czech, danish, dutch, esperanto, estonian, farsi, finnish, french, ga
lician, german, german-x-2013-05-26, greek, gujarati, hindi, hungarian, iceland
ic, indonesian, interlingua, irish, italian, kannada, kurmanji, latin, latvian,
 lithuanian, malayalam, marathi, mongolian, mongolianlmc, monogreek, ngerman, n
german-x-2013-05-26, nynorsk, oriya, panjabi, pinyin, polish, portuguese, roman
ian, russian, sanskrit, serbian, slovak, slovenian, spanish, swedish, swissgerm
an, tamil, telugu, turkish, turkmen, ukenglish, ukrainian, uppersorbian, usengl
ishmax, welsh, loaded.
("C:\Program Files (x86)\MiKTeX 2.9\tex\latex\base\book.cls"
Document Class: book 2007/10/19 v1.4h Standard LaTeX document class
("C:\Program Files (x86)\MiKTeX 2.9\tex\latex\base\bk11.clo"
File: bk11.clo 2007/10/19 v1.4h Standard LaTeX file (size option)
)
\c@part=\count79
\c@chapter=\count80
\c@section=\count81
\c@subsection=\count82
\c@subsubsection=\count83
\c@paragraph=\count84
\c@subparagraph=\count85
\c@figure=\count86
\c@table=\count87
\abovecaptionskip=\skip41
\belowcaptionskip=\skip42
\bibindent=\dimen102
)
("C:\Program Files (x86)\MiKTeX 2.9\tex\generic\babel\babel.sty"
Package: babel 2008/07/08 v3.8m The Babel package

*************************************
* Local config file bblopts.cfg used
*
("C:\Program Files (x86)\MiKTeX 2.9\tex\latex\00miktex\bblopts.cfg"
File: bblopts.cfg 2006/07/31 v1.0 MiKTeX 'babel' configuration
)
("C:\Program Files (x86)\MiKTeX 2.9\tex\generic\babel\english.ldf"
Language: english 2005/03/30 v3.3o English support from the babel system

("C:\Program Files (x86)\MiKTeX 2.9\tex\generic\babel\babel.def"
File: babel.def 2008/07/08 v3.8m Babel common definitions
\babel@savecnt=\count88
\U@D=\dimen103
)
\l@canadian = a dialect from \language\l@american 
\l@australian = a dialect from \language\l@british 
\l@newzealand = a dialect from \language\l@british 
))
(C:\Users\crashh\AppData\Roaming\MiKTeX\2.9\tex\latex\xcolor\xcolor.sty
Package: xcolor 2007/01/21 v2.11 LaTeX color extensions (UK)

("C:\Program Files (x86)\MiKTeX 2.9\tex\latex\00miktex\color.cfg"
File: color.cfg 2007/01/18 v1.5 color configuration of teTeX/TeXLive
)
Package xcolor Info: Package option `usenames' ignored on input line 216.
Package xcolor Info: Driver file: pdftex.def on input line 225.

("C:\Program Files (x86)\MiKTeX 2.9\tex\latex\pdftex-def\pdftex.def"
File: pdftex.def 2011/05/27 v0.06d Graphics/color for pdfTeX

("C:\Program Files (x86)\MiKTeX 2.9\tex\generic\oberdiek\infwarerr.sty"
Package: infwarerr 2010/04/08 v1.3 Providing info/warning/error messages (HO)
)
("C:\Program Files (x86)\MiKTeX 2.9\tex\generic\oberdiek\ltxcmds.sty"
Package: ltxcmds 2011/11/09 v1.22 LaTeX kernel commands for general use (HO)
)
\Gread@gobject=\count89
)
Package xcolor Info: Model `cmy' substituted by `cmy0' on input line 1337.
Package xcolor Info: Model `hsb' substituted by `rgb' on input line 1341.
Package xcolor Info: Model `RGB' extended on input line 1353.
Package xcolor Info: Model `HTML' substituted by `rgb' on input line 1355.
Package xcolor Info: Model `Hsb' substituted by `hsb' on input line 1356.
Package xcolor Info: Model `tHsb' substituted by `hsb' on input line 1357.
Package xcolor Info: Model `HSB' substituted by `hsb' on input line 1358.
Package xcolor Info: Model `Gray' substituted by `gray' on input line 1359.
Package xcolor Info: Model `wave' substituted by `hsb' on input line 1360.

("C:\Program Files (x86)\MiKTeX 2.9\tex\latex\graphics\dvipsnam.def"
File: dvipsnam.def 1999/02/16 v3.0i Driver-dependant file (DPC,SPQR)
))
("C:\Program Files (x86)\MiKTeX 2.9\tex\latex\base\inputenc.sty"
Package: inputenc 2008/03/30 v1.1d Input encoding file
\inpenc@prehook=\toks14
\inpenc@posthook=\toks15

("C:\Program Files (x86)\MiKTeX 2.9\tex\latex\base\utf8.def"
File: utf8.def 2008/04/05 v1.1m UTF-8 support for inputenc
Now handling font encoding OML ...
... no UTF-8 mapping file for font encoding OML
Now handling font encoding T1 ...
... processing UTF-8 mapping file for font encoding T1

("C:\Program Files (x86)\MiKTeX 2.9\tex\latex\base\t1enc.dfu"
File: t1enc.dfu 2008/04/05 v1.1m UTF-8 support for inputenc
   defining Unicode char U+00A1 (decimal 161)
   defining Unicode char U+00A3 (decimal 163)
   defining Unicode char U+00AB (decimal 171)
   defining Unicode char U+00BB (decimal 187)
   defining Unicode char U+00BF (decimal 191)
   defining Unicode char U+00C0 (decimal 192)
   defining Unicode char U+00C1 (decimal 193)
   defining Unicode char U+00C2 (decimal 194)
   defining Unicode char U+00C3 (decimal 195)
   defining Unicode char U+00C4 (decimal 196)
   defining Unicode char U+00C5 (decimal 197)
   defining Unicode char U+00C6 (decimal 198)
   defining Unicode char U+00C7 (decimal 199)
   defining Unicode char U+00C8 (decimal 200)
   defining Unicode char U+00C9 (decimal 201)
   defining Unicode char U+00CA (decimal 202)
   defining Unicode char U+00CB (decimal 203)
   defining Unicode char U+00CC (decimal 204)
   defining Unicode char U+00CD (decimal 205)
   defining Unicode char U+00CE (decimal 206)
   defining Unicode char U+00CF (decimal 207)
   defining Unicode char U+00D0 (decimal 208)
   defining Unicode char U+00D1 (decimal 209)
   defining Unicode char U+00D2 (decimal 210)
   defining Unicode char U+00D3 (decimal 211)
   defining Unicode char U+00D4 (decimal 212)
   defining Unicode char U+00D5 (decimal 213)
   defining Unicode char U+00D6 (decimal 214)
   defining Unicode char U+00D8 (decimal 216)
   defining Unicode char U+00D9 (decimal 217)
   defining Unicode char U+00DA (decimal 218)
   defining Unicode char U+00DB (decimal 219)
   defining Unicode char U+00DC (decimal 220)
   defining Unicode char U+00DD (decimal 221)
   defining Unicode char U+00DE (decimal 222)
   defining Unicode char U+00DF (decimal 223)
   defining Unicode char U+00E0 (decimal 224)
   defining Unicode char U+00E1 (decimal 225)
   defining Unicode char U+00E2 (decimal 226)
   defining Unicode char U+00E3 (decimal 227)
   defining Unicode char U+00E4 (decimal 228)
   defining Unicode char U+00E5 (decimal 229)
   defining Unicode char U+00E6 (decimal 230)
   defining Unicode char U+00E7 (decimal 231)
   defining Unicode char U+00E8 (decimal 232)
   defining Unicode char U+00E9 (decimal 233)
   defining Unicode char U+00EA (decimal 234)
   defining Unicode char U+00EB (decimal 235)
   defining Unicode char U+00EC (decimal 236)
   defining Unicode char U+00ED (decimal 237)
   defining Unicode char U+00EE (decimal 238)
   defining Unicode char U+00EF (decimal 239)
   defining Unicode char U+00F0 (decimal 240)
   defining Unicode char U+00F1 (decimal 241)
   defining Unicode char U+00F2 (decimal 242)
   defining Unicode char U+00F3 (decimal 243)
   defining Unicode char U+00F4 (decimal 244)
   defining Unicode char U+00F5 (decimal 245)
   defining Unicode char U+00F6 (decimal 246)
   defining Unicode char U+00F8 (decimal 248)
   defining Unicode char U+00F9 (decimal 249)
   defining Unicode char U+00FA (decimal 250)
   defining Unicode char U+00FB (decimal 251)
   defining Unicode char U+00FC (decimal 252)
   defining Unicode char U+00FD (decimal 253)
   defining Unicode char U+00FE (decimal 254)
   defining Unicode char U+00FF (decimal 255)
   defining Unicode char U+0102 (decimal 258)
   defining Unicode char U+0103 (decimal 259)
   defining Unicode char U+0104 (decimal 260)
   defining Unicode char U+0105 (decimal 261)
   defining Unicode char U+0106 (decimal 262)
   defining Unicode char U+0107 (decimal 263)
   defining Unicode char U+010C (decimal 268)
   defining Unicode char U+010D (decimal 269)
   defining Unicode char U+010E (decimal 270)
   defining Unicode char U+010F (decimal 271)
   defining Unicode char U+0110 (decimal 272)
   defining Unicode char U+0111 (decimal 273)
   defining Unicode char U+0118 (decimal 280)
   defining Unicode char U+0119 (decimal 281)
   defining Unicode char U+011A (decimal 282)
   defining Unicode char U+011B (decimal 283)
   defining Unicode char U+011E (decimal 286)
   defining Unicode char U+011F (decimal 287)
   defining Unicode char U+0130 (decimal 304)
   defining Unicode char U+0131 (decimal 305)
   defining Unicode char U+0132 (decimal 306)
   defining Unicode char U+0133 (decimal 307)
   defining Unicode char U+0139 (decimal 313)
   defining Unicode char U+013A (decimal 314)
   defining Unicode char U+013D (decimal 317)
   defining Unicode char U+013E (decimal 318)
   defining Unicode char U+0141 (decimal 321)
   defining Unicode char U+0142 (decimal 322)
   defining Unicode char U+0143 (decimal 323)
   defining Unicode char U+0144 (decimal 324)
   defining Unicode char U+0147 (decimal 327)
   defining Unicode char U+0148 (decimal 328)
   defining Unicode char U+014A (decimal 330)
   defining Unicode char U+014B (decimal 331)
   defining Unicode char U+0150 (decimal 336)
   defining Unicode char U+0151 (decimal 337)
   defining Unicode char U+0152 (decimal 338)
   defining Unicode char U+0153 (decimal 339)
   defining Unicode char U+0154 (decimal 340)
   defining Unicode char U+0155 (decimal 341)
   defining Unicode char U+0158 (decimal 344)
   defining Unicode char U+0159 (decimal 345)
   defining Unicode char U+015A (decimal 346)
   defining Unicode char U+015B (decimal 347)
   defining Unicode char U+015E (decimal 350)
   defining Unicode char U+015F (decimal 351)
   defining Unicode char U+0160 (decimal 352)
   defining Unicode char U+0161 (decimal 353)
   defining Unicode char U+0162 (decimal 354)
   defining Unicode char U+0163 (decimal 355)
   defining Unicode char U+0164 (decimal 356)
   defining Unicode char U+0165 (decimal 357)
   defining Unicode char U+016E (decimal 366)
   defining Unicode char U+016F (decimal 367)
   defining Unicode char U+0170 (decimal 368)
   defining Unicode char U+0171 (decimal 369)
   defining Unicode char U+0178 (decimal 376)
   defining Unicode char U+0179 (decimal 377)
   defining Unicode char U+017A (decimal 378)
   defining Unicode char U+017B (decimal 379)
   defining Unicode char U+017C (decimal 380)
   defining Unicode char U+017D (decimal 381)
   defining Unicode char U+017E (decimal 382)
   defining Unicode char U+200C (decimal 8204)
   defining Unicode char U+2013 (decimal 8211)
   defining Unicode char U+2014 (decimal 8212)
   defining Unicode char U+2018 (decimal 8216)
   defining Unicode char U+2019 (decimal 8217)
   defining Unicode char U+201A (decimal 8218)
   defining Unicode char U+201C (decimal 8220)
   defining Unicode char U+201D (decimal 8221)
   defining Unicode char U+201E (decimal 8222)
   defining Unicode char U+2030 (decimal 8240)
   defining Unicode char U+2031 (decimal 8241)
   defining Unicode char U+2039 (decimal 8249)
   defining Unicode char U+203A (decimal 8250)
   defining Unicode char U+2423 (decimal 9251)
)
Now handling font encoding OT1 ...
... processing UTF-8 mapping file for font encoding OT1

("C:\Program Files (x86)\MiKTeX 2.9\tex\latex\base\ot1enc.dfu"
File: ot1enc.dfu 2008/04/05 v1.1m UTF-8 support for inputenc
   defining Unicode char U+00A1 (decimal 161)
   defining Unicode char U+00A3 (decimal 163)
   defining Unicode char U+00B8 (decimal 184)
   defining Unicode char U+00BF (decimal 191)
   defining Unicode char U+00C5 (decimal 197)
   defining Unicode char U+00C6 (decimal 198)
   defining Unicode char U+00D8 (decimal 216)
   defining Unicode char U+00DF (decimal 223)
   defining Unicode char U+00E6 (decimal 230)
   defining Unicode char U+00EC (decimal 236)
   defining Unicode char U+00ED (decimal 237)
   defining Unicode char U+00EE (decimal 238)
   defining Unicode char U+00EF (decimal 239)
   defining Unicode char U+00F8 (decimal 248)
   defining Unicode char U+0131 (decimal 305)
   defining Unicode char U+0141 (decimal 321)
   defining Unicode char U+0142 (decimal 322)
   defining Unicode char U+0152 (decimal 338)
   defining Unicode char U+0153 (decimal 339)
   defining Unicode char U+2013 (decimal 8211)
   defining Unicode char U+2014 (decimal 8212)
   defining Unicode char U+2018 (decimal 8216)
   defining Unicode char U+2019 (decimal 8217)
   defining Unicode char U+201C (decimal 8220)
   defining Unicode char U+201D (decimal 8221)
)
Now handling font encoding OMS ...
... processing UTF-8 mapping file for font encoding OMS

("C:\Program Files (x86)\MiKTeX 2.9\tex\latex\base\omsenc.dfu"
File: omsenc.dfu 2008/04/05 v1.1m UTF-8 support for inputenc
   defining Unicode char U+00A7 (decimal 167)
   defining Unicode char U+00B6 (decimal 182)
   defining Unicode char U+00B7 (decimal 183)
   defining Unicode char U+2020 (decimal 8224)
   defining Unicode char U+2021 (decimal 8225)
   defining Unicode char U+2022 (decimal 8226)
)
Now handling font encoding OMX ...
... no UTF-8 mapping file for font encoding OMX
Now handling font encoding U ...
... no UTF-8 mapping file for font encoding U
   defining Unicode char U+00A9 (decimal 169)
   defining Unicode char U+00AA (decimal 170)
   defining Unicode char U+00AE (decimal 174)
   defining Unicode char U+00BA (decimal 186)
   defining Unicode char U+02C6 (decimal 710)
   defining Unicode char U+02DC (decimal 732)
   defining Unicode char U+200C (decimal 8204)
   defining Unicode char U+2026 (decimal 8230)
   defining Unicode char U+2122 (decimal 8482)
   defining Unicode char U+2423 (decimal 9251)
))
("C:\Program Files (x86)\MiKTeX 2.9\tex\latex\base\fontenc.sty"
Package: fontenc 2005/09/27 v1.99g Standard LaTeX package

("C:\Program Files (x86)\MiKTeX 2.9\tex\latex\base\t1enc.def"
File: t1enc.def 2005/09/27 v1.99g Standard LaTeX file
LaTeX Font Info:    Redeclaring font encoding T1 on input line 43.
))
(C:\Users\crashh\AppData\Roaming\MiKTeX\2.9\tex\latex\changepage\changepage.sty
Package: changepage 2009/10/20 v1.0c check page and change page layout
\c@cp@cntr=\count90
\cp@tempcnt=\count91
)
(C:\Users\crashh\AppData\Roaming\MiKTeX\2.9\tex\latex\algorithm2e\algorithm2e.s
ty
Package: algorithm2e 2013/01/06 v5.00 algorithms environments
\c@AlgoLine=\count92
 ("C:\Program Files (x86)\MiKTeX 2.9\tex\latex\base\ifthen.sty"
Package: ifthen 2001/05/26 v1.1c Standard LaTeX ifthen package (DPC)
)
("C:\Program Files (x86)\MiKTeX 2.9\tex\latex\tools\xspace.sty"
Package: xspace 2009/10/20 v1.13 Space after command names (DPC,MH)
)
("C:\Program Files (x86)\MiKTeX 2.9\tex\latex\ltxmisc\relsize.sty"
Package: relsize 2003/07/04 ver 3.1
)
********************************************************
Package `algorithm2e' Release 5.0 -- january 06 2013 --
- algorithm2e-announce@lirmm.fr mailing list for announcement about releases
- algorithm2e-discussion@lirmm.fr mailing list for discussion about package
subscribe by emailing sympa@lirmm.fr with 'subscribe <list> <firstname name>'
- Author: Christophe Fiorio (cfiorio@um2.fr)
********************************************************
\skiptotal=\skip43
\skiplinenumber=\skip44
\skiprule=\skip45
\skiphlne=\skip46
\skiptext=\skip47
\skiplength=\skip48
\algomargin=\skip49
\skipalgocfslide=\skip50
\algowidth=\dimen104
\inoutsize=\dimen105
\inoutindent=\dimen106
\interspacetitleruled=\dimen107
\interspacealgoruled=\dimen108
\interspacetitleboxruled=\dimen109
\algocf@inoutbox=\box26
\algocf@inputbox=\box27
\AlCapSkip=\skip51
\AlCapHSkip=\skip52
\algoskipindent=\skip53
\algocf@nlbox=\box28
\algocf@hangingbox=\box29
\algocf@untilbox=\box30
\algocf@skipuntil=\skip54
\algocf@capbox=\box31
\algoheightruledefault=\skip55
\algoheightrule=\skip56
\algotitleheightruledefault=\skip57
\algotitleheightrule=\skip58
\c@algocfline=\count93
\c@algocfproc=\count94
\c@algocf=\count95
\algocf@algoframe=\box32
\algocf@algobox=\box33
) ("C:\Program Files (x86)\MiKTeX 2.9\tex\latex\amsfonts\amssymb.sty"
Package: amssymb 2013/01/14 v3.01 AMS font symbols

("C:\Program Files (x86)\MiKTeX 2.9\tex\latex\amsfonts\amsfonts.sty"
Package: amsfonts 2013/01/14 v3.01 Basic AMSFonts support
\@emptytoks=\toks16
\symAMSa=\mathgroup4
\symAMSb=\mathgroup5
LaTeX Font Info:    Overwriting math alphabet `\mathfrak' in version `bold'
(Font)                  U/euf/m/n --> U/euf/b/n on input line 106.
))
("C:\Program Files (x86)\MiKTeX 2.9\tex\latex\amsmath\amsmath.sty"
Package: amsmath 2013/01/14 v2.14 AMS math features
\@mathmargin=\skip59

For additional information on amsmath, use the `?' option.
("C:\Program Files (x86)\MiKTeX 2.9\tex\latex\amsmath\amstext.sty"
Package: amstext 2000/06/29 v2.01

("C:\Program Files (x86)\MiKTeX 2.9\tex\latex\amsmath\amsgen.sty"
File: amsgen.sty 1999/11/30 v2.0
\@emptytoks=\toks17
\ex@=\dimen110
))
("C:\Program Files (x86)\MiKTeX 2.9\tex\latex\amsmath\amsbsy.sty"
Package: amsbsy 1999/11/29 v1.2d
\pmbraise@=\dimen111
)
("C:\Program Files (x86)\MiKTeX 2.9\tex\latex\amsmath\amsopn.sty"
Package: amsopn 1999/12/14 v2.01 operator names
)
\inf@bad=\count96
LaTeX Info: Redefining \frac on input line 210.
\uproot@=\count97
\leftroot@=\count98
LaTeX Info: Redefining \overline on input line 306.
\classnum@=\count99
\DOTSCASE@=\count100
LaTeX Info: Redefining \ldots on input line 378.
LaTeX Info: Redefining \dots on input line 381.
LaTeX Info: Redefining \cdots on input line 466.
\Mathstrutbox@=\box34
\strutbox@=\box35
\big@size=\dimen112
LaTeX Font Info:    Redeclaring font encoding OML on input line 566.
LaTeX Font Info:    Redeclaring font encoding OMS on input line 567.
\macc@depth=\count101
\c@MaxMatrixCols=\count102
\dotsspace@=\muskip10
\c@parentequation=\count103
\dspbrk@lvl=\count104
\tag@help=\toks18
\row@=\count105
\column@=\count106
\maxfields@=\count107
\andhelp@=\toks19
\eqnshift@=\dimen113
\alignsep@=\dimen114
\tagshift@=\dimen115
\tagwidth@=\dimen116
\totwidth@=\dimen117
\lineht@=\dimen118
\@envbody=\toks20
\multlinegap=\skip60
\multlinetaggap=\skip61
\mathdisplay@stack=\toks21
LaTeX Info: Redefining \[ on input line 2665.
LaTeX Info: Redefining \] on input line 2666.
)
("C:\Program Files (x86)\MiKTeX 2.9\tex\latex\graphics\graphicx.sty"
Package: graphicx 1999/02/16 v1.0f Enhanced LaTeX Graphics (DPC,SPQR)

("C:\Program Files (x86)\MiKTeX 2.9\tex\latex\graphics\keyval.sty"
Package: keyval 1999/03/16 v1.13 key=value parser (DPC)
\KV@toks@=\toks22
)
("C:\Program Files (x86)\MiKTeX 2.9\tex\latex\graphics\graphics.sty"
Package: graphics 2009/02/05 v1.0o Standard LaTeX Graphics (DPC,SPQR)

("C:\Program Files (x86)\MiKTeX 2.9\tex\latex\graphics\trig.sty"
Package: trig 1999/03/16 v1.09 sin cos tan (DPC)
)
("C:\Program Files (x86)\MiKTeX 2.9\tex\latex\00miktex\graphics.cfg"
File: graphics.cfg 2007/01/18 v1.5 graphics configuration of teTeX/TeXLive
)
Package graphics Info: Driver file: pdftex.def on input line 91.
)
\Gin@req@height=\dimen119
\Gin@req@width=\dimen120
)
(C:\Users\crashh\AppData\Roaming\MiKTeX\2.9\tex\latex\listings\listings.sty
\lst@mode=\count108
\lst@gtempboxa=\box36
\lst@token=\toks23
\lst@length=\count109
\lst@currlwidth=\dimen121
\lst@column=\count110
\lst@pos=\count111
\lst@lostspace=\dimen122
\lst@width=\dimen123
\lst@newlines=\count112
\lst@lineno=\count113
\lst@maxwidth=\dimen124

(C:\Users\crashh\AppData\Roaming\MiKTeX\2.9\tex\latex\listings\lstmisc.sty
File: lstmisc.sty 2013/08/26 1.5b (Carsten Heinz)
\c@lstnumber=\count114
\lst@skipnumbers=\count115
\lst@framebox=\box37
)
(C:\Users\crashh\AppData\Roaming\MiKTeX\2.9\tex\latex\listings\listings.cfg
File: listings.cfg 2013/08/26 1.5b listings configuration
))
Package: listings 2013/08/26 1.5b (Carsten Heinz)

(C:\Users\crashh\AppData\Roaming\MiKTeX\2.9\tex\latex\verbatimbox\verbatimbox.s
ty
Package: verbatimbox 2014/03/12 v3.13 Routines for placing verbatim text into b
oxes, useful in places where the verbatim environment is inaccessible. Secondar
ily, for adding vertical buffer around an object.
 ("C:\Program Files (x86)\MiKTeX 2.9\tex\latex\tools\verbatim.sty"
Package: verbatim 2003/08/22 v1.5q LaTeX2e package for verbatim enhancements
\every@verbatim=\toks24
\verbatim@line=\toks25
\verbatim@in@stream=\read1
)
(C:\Users\crashh\AppData\Roaming\MiKTeX\2.9\tex\latex\readarray\readarray.sty
Package: readarray 2013/05/09 v1.2 Routines for inputting array data and recall
ing it on an element-by-element basis. Currently supports 2-D and 3-D array

(C:\Users\crashh\AppData\Roaming\MiKTeX\2.9\tex\latex\ifnextok\ifnextok.sty
Package: ifnextok 2011/06/27 v0.3 test next token (UL)
)
\c@@index=\count116
\c@@plane=\count117
\c@@row=\count118
\c@@col=\count119
\c@use@args=\count120
\c@@record=\count121
\c@arg@index=\count122
\c@break@count=\count123
)
\savedverbbox=\box38
\c@VerbboxLineNo=\count124
\boxtopsep=\dimen125
\boxbottomsep=\dimen126
\ps@tempdima=\dimen127
\ps@tempboxa=\box39
\boxtop@sep=\skip62
\boxbottom@sep=\skip63
)
(C:\Users\crashh\AppData\Roaming\MiKTeX\2.9\tex\latex\setspace\setspace.sty
Package: setspace 2011/12/19 v6.7a set line spacing
)
(C:\Users\crashh\AppData\Roaming\MiKTeX\2.9\tex\latex\ulem\ulem.sty
\UL@box=\box40
\UL@hyphenbox=\box41
\UL@skip=\skip64
\UL@hook=\toks26
\UL@height=\dimen128
\UL@pe=\count125
\UL@pixel=\dimen129
\ULC@box=\box42
Package: ulem 2012/05/18
\ULdepth=\dimen130
)
("C:\Program Files (x86)\MiKTeX 2.9\tex\latex\geometry\geometry.sty"
Package: geometry 2010/09/12 v5.6 Page Geometry

("C:\Program Files (x86)\MiKTeX 2.9\tex\generic\oberdiek\ifpdf.sty"
Package: ifpdf 2011/01/30 v2.3 Provides the ifpdf switch (HO)
Package ifpdf Info: pdfTeX in PDF mode is detected.
)
("C:\Program Files (x86)\MiKTeX 2.9\tex\generic\oberdiek\ifvtex.sty"
Package: ifvtex 2010/03/01 v1.5 Detect VTeX and its facilities (HO)
Package ifvtex Info: VTeX not detected.
)
("C:\Program Files (x86)\MiKTeX 2.9\tex\generic\ifxetex\ifxetex.sty"
Package: ifxetex 2010/09/12 v0.6 Provides ifxetex conditional
)
\Gm@cnth=\count126
\Gm@cntv=\count127
\c@Gm@tempcnt=\count128
\Gm@bindingoffset=\dimen131
\Gm@wd@mp=\dimen132
\Gm@odd@mp=\dimen133
\Gm@even@mp=\dimen134
\Gm@layoutwidth=\dimen135
\Gm@layoutheight=\dimen136
\Gm@layouthoffset=\dimen137
\Gm@layoutvoffset=\dimen138
\Gm@dimlist=\toks27

("C:\Program Files (x86)\MiKTeX 2.9\tex\latex\geometry\geometry.cfg"))
(C:\Users\crashh\AppData\Roaming\MiKTeX\2.9\tex\latex\fancyvrb\fancyvrb.sty
Package: fancyvrb 2008/02/07

Style option: `fancyvrb' v2.7a, with DG/SPQR fixes, and firstline=lastline fix 
<2008/02/07> (tvz)
\FV@CodeLineNo=\count129
\FV@InFile=\read2
\FV@TabBox=\box43
\c@FancyVerbLine=\count130
\FV@StepNumber=\count131
\FV@OutFile=\write3
)
("C:\Program Files (x86)\MiKTeX 2.9\tex\latex\float\float.sty"
Package: float 2001/11/08 v1.3d Float enhancements (AL)
\c@float@type=\count132
\float@exts=\toks28
\float@box=\box44
\@float@everytoks=\toks29
\@floatcapt=\box45
)
("C:\Program Files (x86)\MiKTeX 2.9\tex\latex\hyperref\hyperref.sty"
Package: hyperref 2012/11/06 v6.83m Hypertext links for LaTeX

("C:\Program Files (x86)\MiKTeX 2.9\tex\generic\oberdiek\hobsub-hyperref.sty"
Package: hobsub-hyperref 2012/04/25 v1.12 Bundle oberdiek, subset hyperref (HO)


("C:\Program Files (x86)\MiKTeX 2.9\tex\generic\oberdiek\hobsub-generic.sty"
Package: hobsub-generic 2012/04/25 v1.12 Bundle oberdiek, subset generic (HO)
Package: hobsub 2012/04/25 v1.12 Construct package bundles (HO)
Package hobsub Info: Skipping package `infwarerr' (already loaded).
Package hobsub Info: Skipping package `ltxcmds' (already loaded).
Package: ifluatex 2010/03/01 v1.3 Provides the ifluatex switch (HO)
Package ifluatex Info: LuaTeX not detected.
Package hobsub Info: Skipping package `ifvtex' (already loaded).
Package: intcalc 2007/09/27 v1.1 Expandable calculations with integers (HO)
Package hobsub Info: Skipping package `ifpdf' (already loaded).
Package: etexcmds 2011/02/16 v1.5 Avoid name clashes with e-TeX commands (HO)
Package etexcmds Info: Could not find \expanded.
(etexcmds)             That can mean that you are not using pdfTeX 1.50 or
(etexcmds)             that some package has redefined \expanded.
(etexcmds)             In the latter case, load this package earlier.
Package: kvsetkeys 2012/04/25 v1.16 Key value parser (HO)
Package: kvdefinekeys 2011/04/07 v1.3 Define keys (HO)
Package: pdftexcmds 2011/11/29 v0.20 Utility functions of pdfTeX for LuaTeX (HO
)
Package pdftexcmds Info: LuaTeX not detected.
Package pdftexcmds Info: \pdf@primitive is available.
Package pdftexcmds Info: \pdf@ifprimitive is available.
Package pdftexcmds Info: \pdfdraftmode found.
Package: pdfescape 2011/11/25 v1.13 Implements pdfTeX's escape features (HO)
Package: bigintcalc 2012/04/08 v1.3 Expandable calculations on big integers (HO
)
Package: bitset 2011/01/30 v1.1 Handle bit-vector datatype (HO)
Package: uniquecounter 2011/01/30 v1.2 Provide unlimited unique counter (HO)
)
Package hobsub Info: Skipping package `hobsub' (already loaded).
Package: letltxmacro 2010/09/02 v1.4 Let assignment for LaTeX macros (HO)
Package: hopatch 2011/06/24 v1.1 Wrapper for package hooks (HO)
Package: xcolor-patch 2011/01/30 xcolor patch
Package: atveryend 2011/06/30 v1.8 Hooks at the very end of document (HO)
Package atveryend Info: \enddocument detected (standard20110627).
Package: atbegshi 2011/10/05 v1.16 At begin shipout hook (HO)
Package: refcount 2011/10/16 v3.4 Data extraction from label references (HO)
Package: hycolor 2011/01/30 v1.7 Color options for hyperref/bookmark (HO)
)
("C:\Program Files (x86)\MiKTeX 2.9\tex\latex\oberdiek\auxhook.sty"
Package: auxhook 2011/03/04 v1.3 Hooks for auxiliary files (HO)
)
("C:\Program Files (x86)\MiKTeX 2.9\tex\latex\oberdiek\kvoptions.sty"
Package: kvoptions 2011/06/30 v3.11 Key value format for package options (HO)
)
\@linkdim=\dimen139
\Hy@linkcounter=\count133
\Hy@pagecounter=\count134

("C:\Program Files (x86)\MiKTeX 2.9\tex\latex\hyperref\pd1enc.def"
File: pd1enc.def 2012/11/06 v6.83m Hyperref: PDFDocEncoding definition (HO)
Now handling font encoding PD1 ...
... no UTF-8 mapping file for font encoding PD1
)
\Hy@SavedSpaceFactor=\count135

("C:\Program Files (x86)\MiKTeX 2.9\tex\latex\00miktex\hyperref.cfg"
File: hyperref.cfg 2002/06/06 v1.2 hyperref configuration of TeXLive
)
Package hyperref Info: Hyper figures OFF on input line 4443.
Package hyperref Info: Link nesting OFF on input line 4448.
Package hyperref Info: Hyper index ON on input line 4451.
Package hyperref Info: Plain pages OFF on input line 4458.
Package hyperref Info: Backreferencing OFF on input line 4463.
Package hyperref Info: Implicit mode ON; LaTeX internals redefined.
Package hyperref Info: Bookmarks ON on input line 4688.
\c@Hy@tempcnt=\count136

(C:\Users\crashh\AppData\Roaming\MiKTeX\2.9\tex\latex\url\url.sty
\Urlmuskip=\muskip11
Package: url 2013/09/16  ver 3.4  Verb mode for urls, etc.
)
LaTeX Info: Redefining \url on input line 5041.
\XeTeXLinkMargin=\dimen140
\Fld@menulength=\count137
\Field@Width=\dimen141
\Fld@charsize=\dimen142
Package hyperref Info: Hyper figures OFF on input line 6295.
Package hyperref Info: Link nesting OFF on input line 6300.
Package hyperref Info: Hyper index ON on input line 6303.
Package hyperref Info: backreferencing OFF on input line 6310.
Package hyperref Info: Link coloring OFF on input line 6315.
Package hyperref Info: Link coloring with OCG OFF on input line 6320.
Package hyperref Info: PDF/A mode OFF on input line 6325.
LaTeX Info: Redefining \ref on input line 6365.
LaTeX Info: Redefining \pageref on input line 6369.
\Hy@abspage=\count138
\c@Item=\count139
\c@Hfootnote=\count140
)

Package hyperref Message: Driver (autodetected): hpdftex.

("C:\Program Files (x86)\MiKTeX 2.9\tex\latex\hyperref\hpdftex.def"
File: hpdftex.def 2012/11/06 v6.83m Hyperref driver for pdfTeX
\Fld@listcount=\count141
\c@bookmark@seq@number=\count142

("C:\Program Files (x86)\MiKTeX 2.9\tex\latex\oberdiek\rerunfilecheck.sty"
Package: rerunfilecheck 2011/04/15 v1.7 Rerun checks for auxiliary files (HO)
Package uniquecounter Info: New unique counter `rerunfilecheck' on input line 2
82.
)
\Hy@SectionHShift=\skip65
)
("C:\Program Files (x86)\MiKTeX 2.9\tex\latex\ltxmisc\parskip.sty"
Package: parskip 2001/04/09 non-zero parskip adjustments
)
(C:\Users\crashh\AppData\Roaming\MiKTeX\2.9\tex\latex\pgf\frontendlayer\tikz.st
y (C:\Users\crashh\AppData\Roaming\MiKTeX\2.9\tex\latex\pgf\basiclayer\pgf.sty
(C:\Users\crashh\AppData\Roaming\MiKTeX\2.9\tex\latex\pgf\utilities\pgfrcs.sty
(C:\Users\crashh\AppData\Roaming\MiKTeX\2.9\tex\generic\pgf\utilities\pgfutil-c
ommon.tex
\pgfutil@everybye=\toks30
\pgfutil@tempdima=\dimen143
\pgfutil@tempdimb=\dimen144

(C:\Users\crashh\AppData\Roaming\MiKTeX\2.9\tex\generic\pgf\utilities\pgfutil-c
ommon-lists.tex))
(C:\Users\crashh\AppData\Roaming\MiKTeX\2.9\tex\generic\pgf\utilities\pgfutil-l
atex.def
\pgfutil@abb=\box46
 (C:\Users\crashh\AppData\Roaming\MiKTeX\2.9\tex\latex\ms\everyshi.sty
Package: everyshi 2001/05/15 v3.00 EveryShipout Package (MS)
))
(C:\Users\crashh\AppData\Roaming\MiKTeX\2.9\tex\generic\pgf\utilities\pgfrcs.co
de.tex
Package: pgfrcs 2013/12/20 v3.0.0 (rcs-revision 1.28)
))
Package: pgf 2013/12/18 v3.0.0 (rcs-revision 1.14)

(C:\Users\crashh\AppData\Roaming\MiKTeX\2.9\tex\latex\pgf\basiclayer\pgfcore.st
y
(C:\Users\crashh\AppData\Roaming\MiKTeX\2.9\tex\latex\pgf\systemlayer\pgfsys.st
y
(C:\Users\crashh\AppData\Roaming\MiKTeX\2.9\tex\generic\pgf\systemlayer\pgfsys.
code.tex
Package: pgfsys 2013/11/30 v3.0.0 (rcs-revision 1.47)

(C:\Users\crashh\AppData\Roaming\MiKTeX\2.9\tex\generic\pgf\utilities\pgfkeys.c
ode.tex
\pgfkeys@pathtoks=\toks31
\pgfkeys@temptoks=\toks32

(C:\Users\crashh\AppData\Roaming\MiKTeX\2.9\tex\generic\pgf\utilities\pgfkeysfi
ltered.code.tex
\pgfkeys@tmptoks=\toks33
))
\pgf@x=\dimen145
\pgf@y=\dimen146
\pgf@xa=\dimen147
\pgf@ya=\dimen148
\pgf@xb=\dimen149
\pgf@yb=\dimen150
\pgf@xc=\dimen151
\pgf@yc=\dimen152
\w@pgf@writea=\write4
\r@pgf@reada=\read3
\c@pgf@counta=\count143
\c@pgf@countb=\count144
\c@pgf@countc=\count145
\c@pgf@countd=\count146
\t@pgf@toka=\toks34
\t@pgf@tokb=\toks35
\t@pgf@tokc=\toks36

(C:\Users\crashh\AppData\Roaming\MiKTeX\2.9\tex\generic\pgf\systemlayer\pgf.cfg
File: pgf.cfg 2008/05/14  (rcs-revision 1.7)
)
Driver file for pgf: pgfsys-pdftex.def

(C:\Users\crashh\AppData\Roaming\MiKTeX\2.9\tex\generic\pgf\systemlayer\pgfsys-
pdftex.def
File: pgfsys-pdftex.def 2013/07/18  (rcs-revision 1.33)

(C:\Users\crashh\AppData\Roaming\MiKTeX\2.9\tex\generic\pgf\systemlayer\pgfsys-
common-pdf.def
File: pgfsys-common-pdf.def 2013/10/10  (rcs-revision 1.13)
)))
(C:\Users\crashh\AppData\Roaming\MiKTeX\2.9\tex\generic\pgf\systemlayer\pgfsyss
oftpath.code.tex
File: pgfsyssoftpath.code.tex 2013/09/09  (rcs-revision 1.9)
\pgfsyssoftpath@smallbuffer@items=\count147
\pgfsyssoftpath@bigbuffer@items=\count148
)
(C:\Users\crashh\AppData\Roaming\MiKTeX\2.9\tex\generic\pgf\systemlayer\pgfsysp
rotocol.code.tex
File: pgfsysprotocol.code.tex 2006/10/16  (rcs-revision 1.4)
))
(C:\Users\crashh\AppData\Roaming\MiKTeX\2.9\tex\generic\pgf\basiclayer\pgfcore.
code.tex
Package: pgfcore 2010/04/11 v3.0.0 (rcs-revision 1.7)

(C:\Users\crashh\AppData\Roaming\MiKTeX\2.9\tex\generic\pgf\math\pgfmath.code.t
ex
(C:\Users\crashh\AppData\Roaming\MiKTeX\2.9\tex\generic\pgf\math\pgfmathcalc.co
de.tex
(C:\Users\crashh\AppData\Roaming\MiKTeX\2.9\tex\generic\pgf\math\pgfmathutil.co
de.tex)
(C:\Users\crashh\AppData\Roaming\MiKTeX\2.9\tex\generic\pgf\math\pgfmathparser.
code.tex
\pgfmath@dimen=\dimen153
\pgfmath@count=\count149
\pgfmath@box=\box47
\pgfmath@toks=\toks37
\pgfmath@stack@operand=\toks38
\pgfmath@stack@operation=\toks39
)
(C:\Users\crashh\AppData\Roaming\MiKTeX\2.9\tex\generic\pgf\math\pgfmathfunctio
ns.code.tex
(C:\Users\crashh\AppData\Roaming\MiKTeX\2.9\tex\generic\pgf\math\pgfmathfunctio
ns.basic.code.tex)
(C:\Users\crashh\AppData\Roaming\MiKTeX\2.9\tex\generic\pgf\math\pgfmathfunctio
ns.trigonometric.code.tex)
(C:\Users\crashh\AppData\Roaming\MiKTeX\2.9\tex\generic\pgf\math\pgfmathfunctio
ns.random.code.tex)
(C:\Users\crashh\AppData\Roaming\MiKTeX\2.9\tex\generic\pgf\math\pgfmathfunctio
ns.comparison.code.tex)
(C:\Users\crashh\AppData\Roaming\MiKTeX\2.9\tex\generic\pgf\math\pgfmathfunctio
ns.base.code.tex)
(C:\Users\crashh\AppData\Roaming\MiKTeX\2.9\tex\generic\pgf\math\pgfmathfunctio
ns.round.code.tex)
(C:\Users\crashh\AppData\Roaming\MiKTeX\2.9\tex\generic\pgf\math\pgfmathfunctio
ns.misc.code.tex)
(C:\Users\crashh\AppData\Roaming\MiKTeX\2.9\tex\generic\pgf\math\pgfmathfunctio
ns.integerarithmetics.code.tex)))
(C:\Users\crashh\AppData\Roaming\MiKTeX\2.9\tex\generic\pgf\math\pgfmathfloat.c
ode.tex
\c@pgfmathroundto@lastzeros=\count150
))
(C:\Users\crashh\AppData\Roaming\MiKTeX\2.9\tex\generic\pgf\basiclayer\pgfcorep
oints.code.tex
File: pgfcorepoints.code.tex 2013/10/07  (rcs-revision 1.27)
\pgf@picminx=\dimen154
\pgf@picmaxx=\dimen155
\pgf@picminy=\dimen156
\pgf@picmaxy=\dimen157
\pgf@pathminx=\dimen158
\pgf@pathmaxx=\dimen159
\pgf@pathminy=\dimen160
\pgf@pathmaxy=\dimen161
\pgf@xx=\dimen162
\pgf@xy=\dimen163
\pgf@yx=\dimen164
\pgf@yy=\dimen165
\pgf@zx=\dimen166
\pgf@zy=\dimen167
)
(C:\Users\crashh\AppData\Roaming\MiKTeX\2.9\tex\generic\pgf\basiclayer\pgfcorep
athconstruct.code.tex
File: pgfcorepathconstruct.code.tex 2013/10/07  (rcs-revision 1.29)
\pgf@path@lastx=\dimen168
\pgf@path@lasty=\dimen169
)
(C:\Users\crashh\AppData\Roaming\MiKTeX\2.9\tex\generic\pgf\basiclayer\pgfcorep
athusage.code.tex
File: pgfcorepathusage.code.tex 2013/12/13  (rcs-revision 1.23)
\pgf@shorten@end@additional=\dimen170
\pgf@shorten@start@additional=\dimen171
)
(C:\Users\crashh\AppData\Roaming\MiKTeX\2.9\tex\generic\pgf\basiclayer\pgfcores
copes.code.tex
File: pgfcorescopes.code.tex 2013/10/09  (rcs-revision 1.44)
\pgfpic=\box48
\pgf@hbox=\box49
\pgf@layerbox@main=\box50
\pgf@picture@serial@count=\count151
)
(C:\Users\crashh\AppData\Roaming\MiKTeX\2.9\tex\generic\pgf\basiclayer\pgfcoreg
raphicstate.code.tex
File: pgfcoregraphicstate.code.tex 2013/09/19  (rcs-revision 1.11)
\pgflinewidth=\dimen172
)
(C:\Users\crashh\AppData\Roaming\MiKTeX\2.9\tex\generic\pgf\basiclayer\pgfcoret
ransformations.code.tex
File: pgfcoretransformations.code.tex 2013/10/10  (rcs-revision 1.17)
\pgf@pt@x=\dimen173
\pgf@pt@y=\dimen174
\pgf@pt@temp=\dimen175
)
(C:\Users\crashh\AppData\Roaming\MiKTeX\2.9\tex\generic\pgf\basiclayer\pgfcoreq
uick.code.tex
File: pgfcorequick.code.tex 2008/10/09  (rcs-revision 1.3)
)
(C:\Users\crashh\AppData\Roaming\MiKTeX\2.9\tex\generic\pgf\basiclayer\pgfcoreo
bjects.code.tex
File: pgfcoreobjects.code.tex 2006/10/11  (rcs-revision 1.2)
)
(C:\Users\crashh\AppData\Roaming\MiKTeX\2.9\tex\generic\pgf\basiclayer\pgfcorep
athprocessing.code.tex
File: pgfcorepathprocessing.code.tex 2013/09/09  (rcs-revision 1.9)
)
(C:\Users\crashh\AppData\Roaming\MiKTeX\2.9\tex\generic\pgf\basiclayer\pgfcorea
rrows.code.tex
File: pgfcorearrows.code.tex 2013/11/07  (rcs-revision 1.40)
\pgfarrowsep=\dimen176
)
(C:\Users\crashh\AppData\Roaming\MiKTeX\2.9\tex\generic\pgf\basiclayer\pgfcores
hade.code.tex
File: pgfcoreshade.code.tex 2013/07/15  (rcs-revision 1.15)
\pgf@max=\dimen177
\pgf@sys@shading@range@num=\count152
)
(C:\Users\crashh\AppData\Roaming\MiKTeX\2.9\tex\generic\pgf\basiclayer\pgfcorei
mage.code.tex
File: pgfcoreimage.code.tex 2013/07/15  (rcs-revision 1.18)

(C:\Users\crashh\AppData\Roaming\MiKTeX\2.9\tex\generic\pgf\basiclayer\pgfcoree
xternal.code.tex
File: pgfcoreexternal.code.tex 2013/07/15  (rcs-revision 1.20)
\pgfexternal@startupbox=\box51
))
(C:\Users\crashh\AppData\Roaming\MiKTeX\2.9\tex\generic\pgf\basiclayer\pgfcorel
ayers.code.tex
File: pgfcorelayers.code.tex 2013/07/18  (rcs-revision 1.7)
)
(C:\Users\crashh\AppData\Roaming\MiKTeX\2.9\tex\generic\pgf\basiclayer\pgfcoret
ransparency.code.tex
File: pgfcoretransparency.code.tex 2013/09/30  (rcs-revision 1.5)
)
(C:\Users\crashh\AppData\Roaming\MiKTeX\2.9\tex\generic\pgf\basiclayer\pgfcorep
atterns.code.tex
File: pgfcorepatterns.code.tex 2013/11/07  (rcs-revision 1.5)
)))
(C:\Users\crashh\AppData\Roaming\MiKTeX\2.9\tex\generic\pgf\modules\pgfmodulesh
apes.code.tex
File: pgfmoduleshapes.code.tex 2013/10/31  (rcs-revision 1.34)
\pgfnodeparttextbox=\box52
)
(C:\Users\crashh\AppData\Roaming\MiKTeX\2.9\tex\generic\pgf\modules\pgfmodulepl
ot.code.tex
File: pgfmoduleplot.code.tex 2013/07/31  (rcs-revision 1.12)
)
(C:\Users\crashh\AppData\Roaming\MiKTeX\2.9\tex\latex\pgf\compatibility\pgfcomp
-version-0-65.sty
Package: pgfcomp-version-0-65 2007/07/03 v3.0.0 (rcs-revision 1.7)
\pgf@nodesepstart=\dimen178
\pgf@nodesepend=\dimen179
)
(C:\Users\crashh\AppData\Roaming\MiKTeX\2.9\tex\latex\pgf\compatibility\pgfcomp
-version-1-18.sty
Package: pgfcomp-version-1-18 2007/07/23 v3.0.0 (rcs-revision 1.1)
))
(C:\Users\crashh\AppData\Roaming\MiKTeX\2.9\tex\latex\pgf\utilities\pgffor.sty
(C:\Users\crashh\AppData\Roaming\MiKTeX\2.9\tex\latex\pgf\utilities\pgfkeys.sty

(C:\Users\crashh\AppData\Roaming\MiKTeX\2.9\tex\generic\pgf\utilities\pgfkeys.c
ode.tex))
(C:\Users\crashh\AppData\Roaming\MiKTeX\2.9\tex\latex\pgf\math\pgfmath.sty
(C:\Users\crashh\AppData\Roaming\MiKTeX\2.9\tex\generic\pgf\math\pgfmath.code.t
ex))
(C:\Users\crashh\AppData\Roaming\MiKTeX\2.9\tex\generic\pgf\utilities\pgffor.co
de.tex
Package: pgffor 2013/12/13 v3.0.0 (rcs-revision 1.25)

(C:\Users\crashh\AppData\Roaming\MiKTeX\2.9\tex\generic\pgf\math\pgfmath.code.t
ex)
\pgffor@iter=\dimen180
\pgffor@skip=\dimen181
\pgffor@stack=\toks40
\pgffor@toks=\toks41
))
(C:\Users\crashh\AppData\Roaming\MiKTeX\2.9\tex\generic\pgf\frontendlayer\tikz\
tikz.code.tex
Package: tikz 2013/12/13 v3.0.0 (rcs-revision 1.142)

(C:\Users\crashh\AppData\Roaming\MiKTeX\2.9\tex\generic\pgf\libraries\pgflibrar
yplothandlers.code.tex
File: pgflibraryplothandlers.code.tex 2013/08/31 v3.0.0 (rcs-revision 1.20)
\pgf@plot@mark@count=\count153
\pgfplotmarksize=\dimen182
)
\tikz@lastx=\dimen183
\tikz@lasty=\dimen184
\tikz@lastxsaved=\dimen185
\tikz@lastysaved=\dimen186
\tikzleveldistance=\dimen187
\tikzsiblingdistance=\dimen188
\tikz@figbox=\box53
\tikz@figbox@bg=\box54
\tikz@tempbox=\box55
\tikz@tempbox@bg=\box56
\tikztreelevel=\count154
\tikznumberofchildren=\count155
\tikznumberofcurrentchild=\count156
\tikz@fig@count=\count157

(C:\Users\crashh\AppData\Roaming\MiKTeX\2.9\tex\generic\pgf\modules\pgfmodulema
trix.code.tex
File: pgfmodulematrix.code.tex 2013/09/17  (rcs-revision 1.8)
\pgfmatrixcurrentrow=\count158
\pgfmatrixcurrentcolumn=\count159
\pgf@matrix@numberofcolumns=\count160
)
\tikz@expandcount=\count161

(C:\Users\crashh\AppData\Roaming\MiKTeX\2.9\tex\generic\pgf\frontendlayer\tikz\
libraries\tikzlibrarytopaths.code.tex
File: tikzlibrarytopaths.code.tex 2008/06/17 v3.0.0 (rcs-revision 1.2)
)))
("C:\Program Files (x86)\MiKTeX 2.9\tex\latex\oberdiek\pdflscape.sty"
Package: pdflscape 2008/08/11 v0.10 Display of landscape pages in PDF (HO)

("C:\Program Files (x86)\MiKTeX 2.9\tex\latex\graphics\lscape.sty"
Package: lscape 2000/10/22 v3.01 Landscape Pages (DPC)
)
Package pdflscape Info: Auto-detected driver: pdftex on input line 80.
)
(C:\Users\crashh\AppData\Roaming\MiKTeX\2.9\tex\latex\minted\minted.sty
Package: minted 2011/09/17 v1.7 Yet another Pygments shim for LaTeX

("C:\Program Files (x86)\MiKTeX 2.9\tex\latex\tools\calc.sty"
Package: calc 2007/08/22 v4.3 Infix arithmetic (KKT,FJ)
\calc@Acount=\count162
\calc@Bcount=\count163
\calc@Adimen=\dimen189
\calc@Bdimen=\dimen190
\calc@Askip=\skip66
\calc@Bskip=\skip67
LaTeX Info: Redefining \setlength on input line 76.
LaTeX Info: Redefining \addtolength on input line 77.
\calc@Ccount=\count164
\calc@Cskip=\skip68
)
(C:\Users\crashh\AppData\Roaming\MiKTeX\2.9\tex\latex\ifplatform\ifplatform.sty
Package: ifplatform 2010/10/22 v0.4 Testing for the operating system
("C:\Program Files (x86)\MiKTeX 2.9\tex\generic\oberdiek\catchfile.sty"
Package: catchfile 2011/03/01 v1.6 Catch the contents of a file (HO)
))
\minted@bgbox=\box57
\minted@code=\write5
\@float@every@listing=\toks42
\c@listing=\count165
)
runsystem(del REPORT.aex)...executed.

runsystem(for ^%i in (pygmentize.exe pygmentize.bat pygmentize.cmd) do set >REP
ORT.aex <nul: /p x=^%~$PATH:i>>REPORT.aex)...executed.

\@appexistsfile=\read4
runsystem(del REPORT.aex)...executed.


file deleted
(C:\Users\crashh\AppData\Roaming\MiKTeX\2.9\tex\latex\titlesec\titlesec.sty
Package: titlesec 2011/12/15 v2.10.0 Sectioning titles
\ttl@box=\box58
\beforetitleunit=\skip69
\aftertitleunit=\skip70
\ttl@plus=\dimen191
\ttl@minus=\dimen192
\ttl@toksa=\toks43
\titlewidth=\dimen193
\titlewidthlast=\dimen194
\titlewidthfirst=\dimen195
)
(C:\Users\crashh\AppData\Roaming\MiKTeX\2.9\tex\latex\titlesec\titleps.sty
Package: titleps 2011/12/15 v1.1.0 Page styles

(C:\Users\crashh\AppData\Roaming\MiKTeX\2.9\tex\latex\titlesec\ttlps.def
File: ttlps.def 2011/12/15
))
(C:\Users\crashh\AppData\Roaming\MiKTeX\2.9\tex\latex\lastpage\lastpage.sty

LaTeX Warning: You have requested release `2014/05/01' of LaTeX,
               but only release `2011/06/27' is available.

Package: lastpage 2015/03/29 v1.2m Refers to last page's name (HMM; JPG)
) (C:\Users\crashh\AppData\Roaming\MiKTeX\2.9\tex\latex\fancyhdr\fancyhdr.sty
\fancy@headwidth=\skip71
\f@ncyO@elh=\skip72
\f@ncyO@erh=\skip73
\f@ncyO@olh=\skip74
\f@ncyO@orh=\skip75
\f@ncyO@elf=\skip76
\f@ncyO@erf=\skip77
\f@ncyO@olf=\skip78
\f@ncyO@orf=\skip79
)
(C:\Users\crashh\AppData\Roaming\MiKTeX\2.9\tex\latex\etoolbox\etoolbox.sty
Package: etoolbox 2011/01/03 v2.1 e-TeX tools for LaTeX

("C:\Program Files (x86)\MiKTeX 2.9\tex\latex\misc\etex.sty"
Package: etex 1998/03/26 v2.0 eTeX basic definition package (PEB)
\et@xins=\count166
)
\etb@tempcnta=\count167
)
(E:\Repos\DM848microservice\REPORT\REPORT.aux)
LaTeX Font Info:    Checking defaults for OML/cmm/m/it on input line 65.
LaTeX Font Info:    ... okay on input line 65.
LaTeX Font Info:    Checking defaults for T1/cmr/m/n on input line 65.
LaTeX Font Info:    ... okay on input line 65.
LaTeX Font Info:    Checking defaults for OT1/cmr/m/n on input line 65.
LaTeX Font Info:    ... okay on input line 65.
LaTeX Font Info:    Checking defaults for OMS/cmsy/m/n on input line 65.
LaTeX Font Info:    ... okay on input line 65.
LaTeX Font Info:    Checking defaults for OMX/cmex/m/n on input line 65.
LaTeX Font Info:    ... okay on input line 65.
LaTeX Font Info:    Checking defaults for U/cmr/m/n on input line 65.
LaTeX Font Info:    ... okay on input line 65.
LaTeX Font Info:    Checking defaults for PD1/pdf/m/n on input line 65.
LaTeX Font Info:    ... okay on input line 65.

(C:\Users\crashh\AppData\Roaming\MiKTeX\2.9\tex\context\base\supp-pdf.mkii
[Loading MPS to PDF converter (version 2006.09.02).]
\scratchcounter=\count168
\scratchdimen=\dimen196
\scratchbox=\box59
\nofMPsegments=\count169
\nofMParguments=\count170
\everyMPshowfont=\toks44
\MPscratchCnt=\count171
\MPscratchDim=\dimen197
\MPnumerator=\count172
\makeMPintoPDFobject=\count173
\everyMPtoPDFconversion=\toks45
)
\c@lstlisting=\count174

*geometry* driver: auto-detecting
*geometry* detected driver: pdftex
*geometry* verbose mode - [ preamble ] result:
* driver: pdftex
* paper: a4paper
* layout: <same size as paper>
* layoutoffset:(h,v)=(0.0pt,0.0pt)
* modes: 
* h-part:(L,W,R)=(71.13188pt, 455.24411pt, 71.13188pt)
* v-part:(T,H,B)=(71.13188pt, 702.78308pt, 71.13188pt)
* \paperwidth=597.50787pt
* \paperheight=845.04684pt
* \textwidth=455.24411pt
* \textheight=702.78308pt
* \oddsidemargin=-1.1381pt
* \evensidemargin=-1.1381pt
* \topmargin=-33.0119pt
* \headheight=12.0pt
* \headsep=19.8738pt
* \topskip=11.0pt
* \footskip=18.06749pt
* \marginparwidth=53.0pt
* \marginparsep=7.0pt
* \columnsep=10.0pt
* \skip\footins=10.0pt plus 4.0pt minus 2.0pt
* \hoffset=0.0pt
* \voffset=0.0pt
* \mag=1000
* \@twocolumnfalse
* \@twosidefalse
* \@mparswitchfalse
* \@reversemarginfalse
* (1in=72.27pt=25.4mm, 1cm=28.453pt)

\AtBeginShipoutBox=\box60
Package hyperref Info: Link coloring OFF on input line 65.
("C:\Program Files (x86)\MiKTeX 2.9\tex\latex\hyperref\nameref.sty"
Package: nameref 2012/10/27 v2.43 Cross-referencing by name of section

("C:\Program Files (x86)\MiKTeX 2.9\tex\generic\oberdiek\gettitlestring.sty"
Package: gettitlestring 2010/12/03 v1.4 Cleanup title references (HO)
)
\c@section@level=\count175
)
LaTeX Info: Redefining \ref on input line 65.
LaTeX Info: Redefining \pageref on input line 65.
LaTeX Info: Redefining \nameref on input line 65.

(E:\Repos\DM848microservice\REPORT\REPORT.out)
(E:\Repos\DM848microservice\REPORT\REPORT.out)
\@outlinefile=\write6

ABD: EveryShipout initializing macros
runsystem(pygmentize -S default -f latex > REPORT.pyg)...executed.


(E:\Repos\DM848microservice\REPORT\REPORT.pyg)
Package lastpage Info: Please have a look at the pageslts package at
(lastpage)             https://www.ctan.org/pkg/pageslts
(lastpage)             ! on input line 65.


pdfTeX warning: pdflatex (file E:/Repos/DM848microservice/REPORT/logo.pdf): PDF
 inclusion: found PDF version <1.7>, but at most version <1.5> allowed
<logo.pdf, id=50, 204.70778pt x 93.79181pt>
File: logo.pdf Graphic file (type pdf)
 <use logo.pdf>
Package pdftex.def Info: logo.pdf used on input line 73.
(pdftex.def)             Requested size: 250.38564pt x 114.72208pt.
LaTeX Font Info:    Try loading font information for T1+cmtt on input line 89.

("C:\Program Files (x86)\MiKTeX 2.9\tex\latex\base\t1cmtt.fd"
File: t1cmtt.fd 1999/05/25 v2.5h Standard LaTeX font definitions
)
LaTeX Font Info:    Try loading font information for U+msa on input line 92.

("C:\Program Files (x86)\MiKTeX 2.9\tex\latex\amsfonts\umsa.fd"
File: umsa.fd 2013/01/14 v3.01 AMS symbols A
)
LaTeX Font Info:    Try loading font information for U+msb on input line 92.

("C:\Program Files (x86)\MiKTeX 2.9\tex\latex\amsfonts\umsb.fd"
File: umsb.fd 2013/01/14 v3.01 AMS symbols B
)
(E:\Repos\DM848microservice\REPORT\REPORT.toc)
\tf@toc=\write7

Chapter 1.
[1

{C:/Users/crashh/AppData/Local/MiKTeX/2.9/pdftex/config/pdftex.map} <E:/Repos/D
M848microservice/REPORT/logo.pdf>] [2]
LaTeX Font Info:    Font shape `T1/cmtt/bx/n' in size <10.95> not available
(Font)              Font shape `T1/cmtt/m/n' tried instead on input line 137.

Chapter 2.
[3]
Chapter 3.
[4]
runsystem(pygmentize -l c -f latex -F tokenmerge            -P linenos -P "verb
options= ,frame=lines,fontsize=\footnotesize " -o REPORT.out.pyg REPORT.pyg)...
executed.

 (E:\Repos\DM848microservice\REPORT\REPORT.out.pyg [5])
runsystem(del REPORT.out.pyg)...executed.

runsystem(del REPORT.pyg)...executed.


Chapter 4.

AED: lastpage setting LastPage
[6]
Package atveryend Info: Empty hook `BeforeClearDocument' on input line 223.
Package atveryend Info: Empty hook `AfterLastShipout' on input line 223.
 (E:\Repos\DM848microservice\REPORT\REPORT.aux)
Package atveryend Info: Executing hook `AtVeryEndDocument' on input line 223.
Package atveryend Info: Executing hook `AtEndAfterFileList' on input line 223.
Package rerunfilecheck Info: File `REPORT.out' has not changed.
(rerunfilecheck)             Checksum: 69169609367A77C51E6972A4F2A822DB;631.
Package atveryend Info: Empty hook `AtVeryVeryEnd' on input line 223.
 ) 
Here is how much of TeX's memory you used:
 21579 strings out of 493921
 376637 string characters out of 3144873
 478413 words of memory out of 3000000
 24404 multiletter control sequences out of 15000+200000
 22140 words of font info for 59 fonts, out of 3000000 for 9000
 841 hyphenation exceptions out of 8191
 55i,8n,54p,908b,571s stack positions out of 5000i,500n,10000p,200000b,50000s
 <C:\Users\crashh\AppData\Local\MiKTeX\2.9\fonts\pk\ljfour\jknappen\ec\dpi600
\ecit0900.pk> <C:\Users\crashh\AppData\Local\MiKTeX\2.9\fonts\pk\ljfour\jknappe
n\ec\dpi600\ectt0900.pk> <C:\Users\crashh\AppData\Local\MiKTeX\2.9\fonts\pk\ljf
our\jknappen\ec\dpi600\ecbx0900.pk> <C:\Users\crashh\AppData\Local\MiKTeX\2.9\f
onts\pk\ljfour\jknappen\ec\dpi600\ecrm0900.pk> <C:\Users\crashh\AppData\Local\M
iKTeX\2.9\fonts\pk\ljfour\jknappen\ec\dpi600\ecrm0600.pk> <C:\Users\crashh\AppD
ata\Local\MiKTeX\2.9\fonts\pk\ljfour\jknappen\ec\dpi600\ecrm0800.pk> <C:\Users\
crashh\AppData\Local\MiKTeX\2.9\fonts\pk\ljfour\jknappen\ec\dpi600\ecbx1440.pk>
 <C:\Users\crashh\AppData\Local\MiKTeX\2.9\fonts\pk\ljfour\jknappen\ec\dpi600\e
cbx2074.pk> <C:\Users\crashh\AppData\Local\MiKTeX\2.9\fonts\pk\ljfour\jknappen\
ec\dpi600\ecbx1095.pk> <C:\Users\crashh\AppData\Local\MiKTeX\2.9\fonts\pk\ljfou
r\jknappen\ec\dpi600\ectt1095.pk> <C:\Users\crashh\AppData\Local\MiKTeX\2.9\fon
ts\pk\ljfour\jknappen\ec\dpi600\eccc1095.pk> <C:\Users\crashh\AppData\Local\MiK
TeX\2.9\fonts\pk\ljfour\jknappen\ec\dpi600\ecrm1095.pk> <C:\Users\crashh\AppDat
a\Local\MiKTeX\2.9\fonts\pk\ljfour\jknappen\ec\dpi600\ecbx2488.pk> <C:\Users\cr
ashh\AppData\Local\MiKTeX\2.9\fonts\pk\ljfour\jknappen\ec\dpi600\eccc1440.pk>
Output written on REPORT.pdf (6 pages, 343815 bytes).
PDF statistics:
 527 PDF objects out of 1000 (max. 8388607)
 31 named destinations out of 1000 (max. 500000)
 106 words of extra memory for PDF output out of 10000 (max. 10000000)

